\BOOKMARK [2][-]{subsection.0.1}{\376\377\000F\000r\000o\000m\000\040\000G\000r\000a\000m\000m\000a\000r\000\040\000t\000o\000\040\000K\000e\000r\000n\000e\000l\000\040\000t\000o\000\040\000P\000r\000o\000o\000f}{}% 1
\BOOKMARK [2][-]{subsection.0.2}{\376\377\000T\000h\000e\000\040\000I\000m\000s\000c\000r\000i\000b\000i\000n\000g\000\040\000G\000r\000a\000m\000m\000a\000r}{}% 2
\BOOKMARK [3][-]{subsubsection.0.2.1}{\376\377\000T\000i\000e\000r\000\040\000C\000l\000a\000s\000s\000i\000f\000i\000c\000a\000t\000i\000o\000n}{subsection.0.2}% 3
\BOOKMARK [2][-]{subsection.0.3}{\376\377\000T\000h\000e\000\040\000A\000L\000E\000P\000H\000\040\000T\000y\000p\000e\000\040\000S\000y\000s\000t\000e\000m}{}% 4
\BOOKMARK [2][-]{subsection.0.4}{\376\377\000e\000x\000O\000S\000\040\000K\000e\000r\000n\000e\000l\000\040\000I\000n\000t\000e\000g\000r\000a\000t\000i\000o\000n}{}% 5
\BOOKMARK [3][-]{subsubsection.0.4.1}{\376\377\000K\000e\000r\000n\000e\000l\000\040\000O\000b\000j\000e\000c\000t\000\040\000T\000y\000p\000e\000s}{subsection.0.4}% 6
\BOOKMARK [3][-]{subsubsection.0.4.2}{\376\377\000T\000h\000e\000\040\000F\000o\000u\000r\000\040\000G\000a\000t\000e\000\040\000T\000y\000p\000e\000s}{subsection.0.4}% 7
\BOOKMARK [3][-]{subsubsection.0.4.3}{\376\377\000T\000h\000e\000\040\000A\000L\000E\000P\000H\000\040\000R\000E\000P\000L}{subsection.0.4}% 8
\BOOKMARK [2][-]{subsection.0.5}{\376\377\000W\000h\000e\000r\000e\000\040\000t\000h\000e\000\040\000B\000o\000o\000t\000s\000t\000r\000a\000p\000\040\000S\000e\000q\000u\000e\000n\000c\000e\000\040\000C\000o\000m\000e\000s\000\040\000F\000r\000o\000m}{}% 9
\BOOKMARK [3][-]{subsubsection.0.5.1}{\376\377\000T\000h\000e\000\040\000O\000S\000\040\000F\000l\000o\000o\000r}{subsection.0.5}% 10
\BOOKMARK [3][-]{subsubsection.0.5.2}{\376\377\000T\000h\000e\000\040\000C\000o\000m\000p\000i\000l\000e\000d\000\040\000C\000o\000r\000p\000o\000r\000a}{subsection.0.5}% 11
\BOOKMARK [3][-]{subsubsection.0.5.3}{\376\377\000T\000h\000e\000\040\000E\000i\000g\000h\000t\000-\000S\000t\000e\000p\000\040\000L\000o\000o\000p}{subsection.0.5}% 12
\BOOKMARK [3][-]{subsubsection.0.5.4}{\376\377\000T\000h\000e\000\040\000E\000m\000e\000r\000a\000l\000d\000\040\000T\000a\000b\000l\000e\000t}{subsection.0.5}% 13
\BOOKMARK [2][-]{subsection.0.6}{\376\377\000T\000h\000e\000\040\000B\000o\000o\000t\000s\000t\000r\000a\000p\000\040\000S\000e\000q\000u\000e\000n\000c\000e}{}% 14
\BOOKMARK [3][-]{subsubsection.0.6.1}{\376\377\000S\000t\000a\000g\000e\000s}{subsection.0.6}% 15
\BOOKMARK [3][-]{subsubsection.0.6.2}{\376\377\000T\000h\000e\000\040\000T\000e\000r\000m\000i\000n\000a\000l\000\040\000C\000o\000m\000p\000o\000s\000i\000t\000e}{subsection.0.6}% 16
\BOOKMARK [3][-]{subsubsection.0.6.3}{\376\377\000T\000h\000e\000\040\000M\000i\000n\000i\000m\000a\000l\000\040\000E\000x\000t\000e\000n\000s\000i\000o\000n}{subsection.0.6}% 17
\BOOKMARK [2][-]{subsection.0.7}{\376\377\000T\000h\000r\000e\000e\000-\000L\000e\000v\000e\000l\000\040\000V\000e\000r\000i\000f\000i\000c\000a\000t\000i\000o\000n}{}% 18
\BOOKMARK [3][-]{subsubsection.0.7.1}{\376\377\000L\000e\000v\000e\000l\000\040\0001\000:\000\040\000L\000e\000a\000n\000\040\0004\000\040\000\050\000M\000i\000l\000l\000e\000n\000n\000i\000u\000m\000A\000n\000k\000h\000\051}{subsection.0.7}% 19
\BOOKMARK [3][-]{subsubsection.0.7.2}{\376\377\000L\000e\000v\000e\000l\000\040\0002\000:\000\040\000A\000L\000E\000P\000H\000\040\000L\000a\000n\000g\000u\000a\000g\000e\000\040\000\050\000f\000r\000o\000b\000e\000n\000i\000u\000s\000\137\000p\000a\000r\000a\000l\000l\000e\000l\000.\000a\000l\000e\000p\000h\000\051}{subsection.0.7}% 20
\BOOKMARK [3][-]{subsubsection.0.7.3}{\376\377\000L\000e\000v\000e\000l\000\040\0003\000:\000\040\000K\000e\000r\000n\000e\000l\000\040\000R\000u\000n\000t\000i\000m\000e\000\040\000\050\000:\000f\000p\000t\000e\000s\000t\000\051}{subsection.0.7}% 21
\BOOKMARK [2][-]{subsection.0.8}{\376\377\000S\000t\000r\000u\000c\000t\000u\000r\000a\000l\000\040\000C\000o\000r\000r\000e\000s\000p\000o\000n\000d\000e\000n\000c\000e}{}% 22
\BOOKMARK [2][-]{subsection.0.9}{\376\377\000Z\000F\000C\040\234\000\040\000a\000n\000d\000\040\000t\000h\000e\000\040\000P\000r\000o\000o\000f\000\040\000P\000a\000t\000h}{}% 23
